<?xml version="1.0" encoding="UTF-8"?>
<!-- Generated by org.testng.reporters.JUnitReportReporter -->
<testsuite hostname="kali" failures="0" tests="1" name="bitfinix.Task" time="12.357" errors="0" timestamp="2021-02-12T22:07:36 EAT" skipped="0">
  <testcase classname="bitfinix.Task" name="loadPage" time="12.357"/>
  <system-out/>
</testsuite> <!-- bitfinix.Task -->
